{"/home/mihai/WebstormProjects/Proiect-IS/backend/config/db.js": {"path":"/home/mihai/WebstormProjects/Proiect-IS/backend/config/db.js","statementMap":{"0":{"start":{"line":1,"column":14},"end":{"line":1,"column":39}},"1":{"start":{"line":2,"column":0},"end":{"line":2,"column":27}},"2":{"start":{"line":4,"column":13},"end":{"line":13,"column":2}},"3":{"start":{"line":15,"column":0},"end":{"line":15,"column":26}}},"fnMap":{},"branchMap":{"0":{"loc":{"start":{"line":5,"column":8},"end":{"line":5,"column":42}},"type":"binary-expr","locations":[{"start":{"line":5,"column":8},"end":{"line":5,"column":27}},{"start":{"line":5,"column":31},"end":{"line":5,"column":42}}],"line":5},"1":{"loc":{"start":{"line":6,"column":8},"end":{"line":6,"column":37}},"type":"binary-expr","locations":[{"start":{"line":6,"column":8},"end":{"line":6,"column":27}},{"start":{"line":6,"column":31},"end":{"line":6,"column":37}}],"line":6},"2":{"loc":{"start":{"line":7,"column":12},"end":{"line":7,"column":41}},"type":"binary-expr","locations":[{"start":{"line":7,"column":12},"end":{"line":7,"column":35}},{"start":{"line":7,"column":39},"end":{"line":7,"column":41}}],"line":7},"3":{"loc":{"start":{"line":8,"column":12},"end":{"line":8,"column":46}},"type":"binary-expr","locations":[{"start":{"line":8,"column":12},"end":{"line":8,"column":31}},{"start":{"line":8,"column":35},"end":{"line":8,"column":46}}],"line":8},"4":{"loc":{"start":{"line":9,"column":8},"end":{"line":9,"column":43}},"type":"binary-expr","locations":[{"start":{"line":9,"column":8},"end":{"line":9,"column":35}},{"start":{"line":9,"column":39},"end":{"line":9,"column":43}}],"line":9}},"s":{"0":1,"1":1,"2":1,"3":1},"f":{},"b":{"0":[1,0],"1":[1,0],"2":[1,0],"3":[1,0],"4":[1,0]},"_coverageSchema":"1a1c01bbd47fc00a2c39e90264f33305004495a9","hash":"126f3eb9c57b2fccd7e9b17767177d0ea15db64c"}
,"/home/mihai/WebstormProjects/Proiect-IS/backend/models/Order.js": {"path":"/home/mihai/WebstormProjects/Proiect-IS/backend/models/Order.js","statementMap":{"0":{"start":{"line":2,"column":2},"end":{"line":2,"column":26}},"1":{"start":{"line":2,"column":14},"end":{"line":2,"column":26}},"2":{"start":{"line":3,"column":15},"end":{"line":3,"column":62}},"3":{"start":{"line":4,"column":2},"end":{"line":6,"column":3}},"4":{"start":{"line":5,"column":4},"end":{"line":5,"column":39}},"5":{"start":{"line":7,"column":15},"end":{"line":7,"column":33}},"6":{"start":{"line":8,"column":16},"end":{"line":8,"column":60}},"7":{"start":{"line":9,"column":14},"end":{"line":9,"column":53}},"8":{"start":{"line":10,"column":2},"end":{"line":10,"column":35}},"9":{"start":{"line":15,"column":4},"end":{"line":15,"column":69}},"10":{"start":{"line":15,"column":30},"end":{"line":15,"column":69}},"11":{"start":{"line":16,"column":4},"end":{"line":16,"column":22}},"12":{"start":{"line":17,"column":4},"end":{"line":17,"column":51}},"13":{"start":{"line":18,"column":4},"end":{"line":18,"column":31}},"14":{"start":{"line":19,"column":4},"end":{"line":19,"column":37}},"15":{"start":{"line":20,"column":4},"end":{"line":20,"column":43}},"16":{"start":{"line":21,"column":4},"end":{"line":21,"column":45}},"17":{"start":{"line":22,"column":4},"end":{"line":22,"column":45}},"18":{"start":{"line":23,"column":4},"end":{"line":23,"column":49}},"19":{"start":{"line":24,"column":4},"end":{"line":24,"column":53}},"20":{"start":{"line":25,"column":4},"end":{"line":25,"column":43}},"21":{"start":{"line":26,"column":4},"end":{"line":26,"column":63}},"22":{"start":{"line":27,"column":4},"end":{"line":27,"column":49}},"23":{"start":{"line":28,"column":4},"end":{"line":28,"column":45}},"24":{"start":{"line":29,"column":4},"end":{"line":29,"column":36}},"25":{"start":{"line":30,"column":4},"end":{"line":30,"column":34}},"26":{"start":{"line":31,"column":4},"end":{"line":31,"column":37}},"27":{"start":{"line":32,"column":4},"end":{"line":32,"column":37}},"28":{"start":{"line":36,"column":4},"end":{"line":54,"column":6}},"29":{"start":{"line":58,"column":4},"end":{"line":62,"column":5}},"30":{"start":{"line":59,"column":23},"end":{"line":59,"column":54}},"31":{"start":{"line":60,"column":23},"end":{"line":60,"column":53}},"32":{"start":{"line":61,"column":15},"end":{"line":61,"column":77}},"33":{"start":{"line":67,"column":22},"end":{"line":67,"column":65}},"34":{"start":{"line":68,"column":21},"end":{"line":68,"column":54}},"35":{"start":{"line":72,"column":22},"end":{"line":72,"column":64}},"36":{"start":{"line":73,"column":23},"end":{"line":73,"column":47}},"37":{"start":{"line":76,"column":0},"end":{"line":76,"column":56}}},"fnMap":{"0":{"name":"formatDateField","decl":{"start":{"line":1,"column":9},"end":{"line":1,"column":24}},"loc":{"start":{"line":1,"column":32},"end":{"line":11,"column":1}},"line":1},"1":{"name":"(anonymous_1)","decl":{"start":{"line":14,"column":2},"end":{"line":14,"column":3}},"loc":{"start":{"line":14,"column":20},"end":{"line":33,"column":3}},"line":14},"2":{"name":"(anonymous_2)","decl":{"start":{"line":35,"column":2},"end":{"line":35,"column":3}},"loc":{"start":{"line":35,"column":11},"end":{"line":55,"column":3}},"line":35},"3":{"name":"(anonymous_3)","decl":{"start":{"line":57,"column":2},"end":{"line":57,"column":3}},"loc":{"start":{"line":57,"column":22},"end":{"line":63,"column":3}},"line":57},"4":{"name":"(anonymous_4)","decl":{"start":{"line":67,"column":2},"end":{"line":67,"column":3}},"loc":{"start":{"line":67,"column":20},"end":{"line":67,"column":67}},"line":67},"5":{"name":"(anonymous_5)","decl":{"start":{"line":68,"column":2},"end":{"line":68,"column":3}},"loc":{"start":{"line":68,"column":19},"end":{"line":68,"column":56}},"line":68},"6":{"name":"(anonymous_6)","decl":{"start":{"line":72,"column":2},"end":{"line":72,"column":3}},"loc":{"start":{"line":72,"column":20},"end":{"line":72,"column":66}},"line":72},"7":{"name":"(anonymous_7)","decl":{"start":{"line":73,"column":2},"end":{"line":73,"column":3}},"loc":{"start":{"line":73,"column":21},"end":{"line":73,"column":49}},"line":73}},"branchMap":{"0":{"loc":{"start":{"line":2,"column":2},"end":{"line":2,"column":26}},"type":"if","locations":[{"start":{"line":2,"column":2},"end":{"line":2,"column":26}},{"start":{},"end":{}}],"line":2},"1":{"loc":{"start":{"line":3,"column":15},"end":{"line":3,"column":62}},"type":"cond-expr","locations":[{"start":{"line":3,"column":39},"end":{"line":3,"column":44}},{"start":{"line":3,"column":47},"end":{"line":3,"column":62}}],"line":3},"2":{"loc":{"start":{"line":4,"column":2},"end":{"line":6,"column":3}},"type":"if","locations":[{"start":{"line":4,"column":2},"end":{"line":6,"column":3}},{"start":{},"end":{}}],"line":4},"3":{"loc":{"start":{"line":15,"column":4},"end":{"line":15,"column":69}},"type":"if","locations":[{"start":{"line":15,"column":4},"end":{"line":15,"column":69}},{"start":{},"end":{}}],"line":15},"4":{"loc":{"start":{"line":17,"column":24},"end":{"line":17,"column":50}},"type":"binary-expr","locations":[{"start":{"line":17,"column":24},"end":{"line":17,"column":42}},{"start":{"line":17,"column":46},"end":{"line":17,"column":50}}],"line":17},"5":{"loc":{"start":{"line":24,"column":17},"end":{"line":24,"column":52}},"type":"cond-expr","locations":[{"start":{"line":24,"column":30},"end":{"line":24,"column":48}},{"start":{"line":24,"column":51},"end":{"line":24,"column":52}}],"line":24},"6":{"loc":{"start":{"line":25,"column":18},"end":{"line":25,"column":42}},"type":"binary-expr","locations":[{"start":{"line":25,"column":18},"end":{"line":25,"column":29}},{"start":{"line":25,"column":33},"end":{"line":25,"column":42}}],"line":25},"7":{"loc":{"start":{"line":26,"column":30},"end":{"line":26,"column":62}},"type":"binary-expr","locations":[{"start":{"line":26,"column":30},"end":{"line":26,"column":54}},{"start":{"line":26,"column":58},"end":{"line":26,"column":62}}],"line":26},"8":{"loc":{"start":{"line":27,"column":23},"end":{"line":27,"column":48}},"type":"binary-expr","locations":[{"start":{"line":27,"column":23},"end":{"line":27,"column":40}},{"start":{"line":27,"column":44},"end":{"line":27,"column":48}}],"line":27},"9":{"loc":{"start":{"line":28,"column":21},"end":{"line":28,"column":44}},"type":"binary-expr","locations":[{"start":{"line":28,"column":21},"end":{"line":28,"column":36}},{"start":{"line":28,"column":40},"end":{"line":28,"column":44}}],"line":28},"10":{"loc":{"start":{"line":29,"column":17},"end":{"line":29,"column":35}},"type":"binary-expr","locations":[{"start":{"line":29,"column":17},"end":{"line":29,"column":27}},{"start":{"line":29,"column":31},"end":{"line":29,"column":35}}],"line":29},"11":{"loc":{"start":{"line":30,"column":17},"end":{"line":30,"column":33}},"type":"binary-expr","locations":[{"start":{"line":30,"column":17},"end":{"line":30,"column":27}},{"start":{"line":30,"column":31},"end":{"line":30,"column":33}}],"line":30},"12":{"loc":{"start":{"line":58,"column":4},"end":{"line":62,"column":5}},"type":"switch","locations":[{"start":{"line":59,"column":6},"end":{"line":59,"column":54}},{"start":{"line":60,"column":6},"end":{"line":60,"column":53}},{"start":{"line":61,"column":6},"end":{"line":61,"column":77}}],"line":58}},"s":{"0":3,"1":1,"2":2,"3":2,"4":0,"5":2,"6":2,"7":2,"8":2,"9":14,"10":1,"11":13,"12":13,"13":13,"14":13,"15":13,"16":13,"17":13,"18":13,"19":13,"20":13,"21":13,"22":13,"23":13,"24":13,"25":13,"26":13,"27":13,"28":3,"29":3,"30":1,"31":1,"32":1,"33":8,"34":2,"35":5,"36":1,"37":1},"f":{"0":3,"1":14,"2":3,"3":3,"4":8,"5":2,"6":5,"7":1},"b":{"0":[1,2],"1":[1,1],"2":[0,2],"3":[1,13],"4":[13,1],"5":[12,1],"6":[13,1],"7":[13,13],"8":[13,10],"9":[13,13],"10":[13,13],"11":[13,13],"12":[1,1,1]},"_coverageSchema":"1a1c01bbd47fc00a2c39e90264f33305004495a9","hash":"ecf54e1fda9f53483b42f61f12913a0a6f128b0f"}
,"/home/mihai/WebstormProjects/Proiect-IS/backend/models/Product.js": {"path":"/home/mihai/WebstormProjects/Proiect-IS/backend/models/Product.js","statementMap":{"0":{"start":{"line":3,"column":4},"end":{"line":3,"column":73}},"1":{"start":{"line":3,"column":32},"end":{"line":3,"column":73}},"2":{"start":{"line":4,"column":4},"end":{"line":4,"column":22}},"3":{"start":{"line":5,"column":4},"end":{"line":5,"column":26}},"4":{"start":{"line":6,"column":4},"end":{"line":6,"column":39}},"5":{"start":{"line":7,"column":4},"end":{"line":7,"column":51}},"6":{"start":{"line":8,"column":4},"end":{"line":8,"column":51}},"7":{"start":{"line":9,"column":4},"end":{"line":9,"column":41}},"8":{"start":{"line":10,"column":4},"end":{"line":10,"column":36}},"9":{"start":{"line":11,"column":4},"end":{"line":11,"column":28}},"10":{"start":{"line":12,"column":4},"end":{"line":12,"column":46}},"11":{"start":{"line":13,"column":4},"end":{"line":13,"column":106}},"12":{"start":{"line":14,"column":4},"end":{"line":14,"column":34}},"13":{"start":{"line":15,"column":4},"end":{"line":15,"column":35}},"14":{"start":{"line":16,"column":4},"end":{"line":16,"column":74}},"15":{"start":{"line":17,"column":4},"end":{"line":17,"column":37}},"16":{"start":{"line":20,"column":22},"end":{"line":20,"column":56}},"17":{"start":{"line":23,"column":4},"end":{"line":39,"column":6}},"18":{"start":{"line":43,"column":4},"end":{"line":47,"column":5}},"19":{"start":{"line":44,"column":24},"end":{"line":44,"column":56}},"20":{"start":{"line":45,"column":24},"end":{"line":45,"column":51}},"21":{"start":{"line":46,"column":15},"end":{"line":46,"column":78}},"22":{"start":{"line":52,"column":22},"end":{"line":52,"column":65}},"23":{"start":{"line":53,"column":18},"end":{"line":53,"column":33}},"24":{"start":{"line":57,"column":22},"end":{"line":57,"column":68}},"25":{"start":{"line":58,"column":28},"end":{"line":58,"column":67}},"26":{"start":{"line":61,"column":0},"end":{"line":61,"column":56}}},"fnMap":{"0":{"name":"(anonymous_0)","decl":{"start":{"line":2,"column":2},"end":{"line":2,"column":3}},"loc":{"start":{"line":2,"column":20},"end":{"line":18,"column":3}},"line":2},"1":{"name":"(anonymous_1)","decl":{"start":{"line":20,"column":2},"end":{"line":20,"column":3}},"loc":{"start":{"line":20,"column":20},"end":{"line":20,"column":58}},"line":20},"2":{"name":"(anonymous_2)","decl":{"start":{"line":22,"column":2},"end":{"line":22,"column":3}},"loc":{"start":{"line":22,"column":11},"end":{"line":40,"column":3}},"line":22},"3":{"name":"(anonymous_3)","decl":{"start":{"line":42,"column":2},"end":{"line":42,"column":3}},"loc":{"start":{"line":42,"column":22},"end":{"line":48,"column":3}},"line":42},"4":{"name":"(anonymous_4)","decl":{"start":{"line":52,"column":2},"end":{"line":52,"column":3}},"loc":{"start":{"line":52,"column":20},"end":{"line":52,"column":67}},"line":52},"5":{"name":"(anonymous_5)","decl":{"start":{"line":53,"column":2},"end":{"line":53,"column":3}},"loc":{"start":{"line":53,"column":16},"end":{"line":53,"column":35}},"line":53},"6":{"name":"(anonymous_6)","decl":{"start":{"line":57,"column":2},"end":{"line":57,"column":3}},"loc":{"start":{"line":57,"column":20},"end":{"line":57,"column":70}},"line":57},"7":{"name":"(anonymous_7)","decl":{"start":{"line":58,"column":2},"end":{"line":58,"column":3}},"loc":{"start":{"line":58,"column":26},"end":{"line":58,"column":69}},"line":58}},"branchMap":{"0":{"loc":{"start":{"line":3,"column":4},"end":{"line":3,"column":73}},"type":"if","locations":[{"start":{"line":3,"column":4},"end":{"line":3,"column":73}},{"start":{},"end":{}}],"line":3},"1":{"loc":{"start":{"line":7,"column":24},"end":{"line":7,"column":50}},"type":"binary-expr","locations":[{"start":{"line":7,"column":24},"end":{"line":7,"column":42}},{"start":{"line":7,"column":46},"end":{"line":7,"column":50}}],"line":7},"2":{"loc":{"start":{"line":8,"column":24},"end":{"line":8,"column":50}},"type":"binary-expr","locations":[{"start":{"line":8,"column":24},"end":{"line":8,"column":42}},{"start":{"line":8,"column":46},"end":{"line":8,"column":50}}],"line":8},"3":{"loc":{"start":{"line":12,"column":23},"end":{"line":12,"column":45}},"type":"binary-expr","locations":[{"start":{"line":12,"column":23},"end":{"line":12,"column":39}},{"start":{"line":12,"column":43},"end":{"line":12,"column":45}}],"line":12},"4":{"loc":{"start":{"line":13,"column":17},"end":{"line":13,"column":105}},"type":"cond-expr","locations":[{"start":{"line":13,"column":31},"end":{"line":13,"column":99}},{"start":{"line":13,"column":103},"end":{"line":13,"column":105}}],"line":13},"5":{"loc":{"start":{"line":13,"column":31},"end":{"line":13,"column":99}},"type":"cond-expr","locations":[{"start":{"line":13,"column":64},"end":{"line":13,"column":86}},{"start":{"line":13,"column":89},"end":{"line":13,"column":99}}],"line":13},"6":{"loc":{"start":{"line":14,"column":17},"end":{"line":14,"column":33}},"type":"binary-expr","locations":[{"start":{"line":14,"column":17},"end":{"line":14,"column":27}},{"start":{"line":14,"column":31},"end":{"line":14,"column":33}}],"line":14},"7":{"loc":{"start":{"line":15,"column":18},"end":{"line":15,"column":34}},"type":"binary-expr","locations":[{"start":{"line":15,"column":18},"end":{"line":15,"column":29}},{"start":{"line":15,"column":33},"end":{"line":15,"column":34}}],"line":15},"8":{"loc":{"start":{"line":16,"column":18},"end":{"line":16,"column":73}},"type":"cond-expr","locations":[{"start":{"line":16,"column":46},"end":{"line":16,"column":66}},{"start":{"line":16,"column":69},"end":{"line":16,"column":73}}],"line":16},"9":{"loc":{"start":{"line":43,"column":4},"end":{"line":47,"column":5}},"type":"switch","locations":[{"start":{"line":44,"column":6},"end":{"line":44,"column":56}},{"start":{"line":45,"column":6},"end":{"line":45,"column":51}},{"start":{"line":46,"column":6},"end":{"line":46,"column":78}}],"line":43},"10":{"loc":{"start":{"line":58,"column":35},"end":{"line":58,"column":66}},"type":"binary-expr","locations":[{"start":{"line":58,"column":35},"end":{"line":58,"column":60}},{"start":{"line":58,"column":64},"end":{"line":58,"column":66}}],"line":58}},"s":{"0":14,"1":1,"2":13,"3":13,"4":13,"5":13,"6":13,"7":13,"8":13,"9":13,"10":13,"11":13,"12":13,"13":13,"14":13,"15":13,"16":2,"17":1,"18":3,"19":1,"20":1,"21":1,"22":2,"23":1,"24":11,"25":2,"26":1},"f":{"0":14,"1":2,"2":1,"3":3,"4":2,"5":1,"6":11,"7":2},"b":{"0":[1,13],"1":[13,13],"2":[13,13],"3":[13,13],"4":[3,10],"5":[1,2],"6":[13,13],"7":[13,13],"8":[1,12],"9":[1,1,1],"10":[2,1]},"_coverageSchema":"1a1c01bbd47fc00a2c39e90264f33305004495a9","hash":"bf4902e049dc6e7b0060de4fad899780c5bbf069"}
,"/home/mihai/WebstormProjects/Proiect-IS/backend/models/Promotion.js": {"path":"/home/mihai/WebstormProjects/Proiect-IS/backend/models/Promotion.js","statementMap":{"0":{"start":{"line":3,"column":4},"end":{"line":3,"column":22}},"1":{"start":{"line":4,"column":4},"end":{"line":4,"column":26}},"2":{"start":{"line":5,"column":4},"end":{"line":5,"column":37}},"3":{"start":{"line":6,"column":4},"end":{"line":6,"column":49}},"4":{"start":{"line":7,"column":4},"end":{"line":7,"column":55}},"5":{"start":{"line":8,"column":4},"end":{"line":8,"column":74}},"6":{"start":{"line":9,"column":4},"end":{"line":9,"column":37}},"7":{"start":{"line":10,"column":4},"end":{"line":10,"column":37}},"8":{"start":{"line":14,"column":4},"end":{"line":23,"column":6}},"9":{"start":{"line":27,"column":0},"end":{"line":27,"column":31}}},"fnMap":{"0":{"name":"(anonymous_0)","decl":{"start":{"line":2,"column":2},"end":{"line":2,"column":3}},"loc":{"start":{"line":2,"column":20},"end":{"line":11,"column":3}},"line":2},"1":{"name":"(anonymous_1)","decl":{"start":{"line":13,"column":2},"end":{"line":13,"column":3}},"loc":{"start":{"line":13,"column":11},"end":{"line":24,"column":3}},"line":13}},"branchMap":{"0":{"loc":{"start":{"line":6,"column":23},"end":{"line":6,"column":48}},"type":"binary-expr","locations":[{"start":{"line":6,"column":23},"end":{"line":6,"column":40}},{"start":{"line":6,"column":44},"end":{"line":6,"column":48}}],"line":6},"1":{"loc":{"start":{"line":7,"column":27},"end":{"line":7,"column":54}},"type":"binary-expr","locations":[{"start":{"line":7,"column":27},"end":{"line":7,"column":48}},{"start":{"line":7,"column":52},"end":{"line":7,"column":54}}],"line":7},"2":{"loc":{"start":{"line":8,"column":18},"end":{"line":8,"column":73}},"type":"cond-expr","locations":[{"start":{"line":8,"column":46},"end":{"line":8,"column":66}},{"start":{"line":8,"column":69},"end":{"line":8,"column":73}}],"line":8}},"s":{"0":7,"1":7,"2":7,"3":7,"4":7,"5":7,"6":7,"7":7,"8":1,"9":1},"f":{"0":7,"1":1},"b":{"0":[7,6],"1":[7,6],"2":[3,4]},"_coverageSchema":"1a1c01bbd47fc00a2c39e90264f33305004495a9","hash":"5f52f51a4a581fcf27eca69ff109e8133b0b78a1"}
,"/home/mihai/WebstormProjects/Proiect-IS/backend/models/User.js": {"path":"/home/mihai/WebstormProjects/Proiect-IS/backend/models/User.js","statementMap":{"0":{"start":{"line":5,"column":4},"end":{"line":5,"column":67}},"1":{"start":{"line":5,"column":29},"end":{"line":5,"column":67}},"2":{"start":{"line":6,"column":4},"end":{"line":6,"column":22}},"3":{"start":{"line":7,"column":4},"end":{"line":7,"column":26}},"4":{"start":{"line":8,"column":4},"end":{"line":8,"column":28}},"5":{"start":{"line":9,"column":4},"end":{"line":9,"column":35}},"6":{"start":{"line":10,"column":4},"end":{"line":10,"column":26}},"7":{"start":{"line":11,"column":4},"end":{"line":11,"column":36}},"8":{"start":{"line":12,"column":4},"end":{"line":12,"column":46}},"9":{"start":{"line":13,"column":4},"end":{"line":13,"column":36}},"10":{"start":{"line":14,"column":4},"end":{"line":14,"column":40}},"11":{"start":{"line":15,"column":4},"end":{"line":15,"column":45}},"12":{"start":{"line":16,"column":4},"end":{"line":16,"column":74}},"13":{"start":{"line":17,"column":4},"end":{"line":17,"column":37}},"14":{"start":{"line":18,"column":4},"end":{"line":18,"column":37}},"15":{"start":{"line":21,"column":18},"end":{"line":21,"column":40}},"16":{"start":{"line":23,"column":25},"end":{"line":23,"column":38}},"17":{"start":{"line":24,"column":25},"end":{"line":24,"column":38}},"18":{"start":{"line":25,"column":25},"end":{"line":25,"column":38}},"19":{"start":{"line":26,"column":25},"end":{"line":26,"column":38}},"20":{"start":{"line":27,"column":25},"end":{"line":27,"column":38}},"21":{"start":{"line":28,"column":25},"end":{"line":28,"column":38}},"22":{"start":{"line":29,"column":25},"end":{"line":29,"column":38}},"23":{"start":{"line":32,"column":4},"end":{"line":44,"column":6}},"24":{"start":{"line":48,"column":4},"end":{"line":53,"column":5}},"25":{"start":{"line":49,"column":23},"end":{"line":49,"column":48}},"26":{"start":{"line":50,"column":23},"end":{"line":50,"column":108}},"27":{"start":{"line":51,"column":23},"end":{"line":51,"column":47}},"28":{"start":{"line":52,"column":15},"end":{"line":52,"column":63}},"29":{"start":{"line":58,"column":22},"end":{"line":58,"column":58}},"30":{"start":{"line":59,"column":25},"end":{"line":59,"column":37}},"31":{"start":{"line":60,"column":25},"end":{"line":60,"column":37}},"32":{"start":{"line":61,"column":25},"end":{"line":61,"column":37}},"33":{"start":{"line":62,"column":25},"end":{"line":62,"column":37}},"34":{"start":{"line":63,"column":25},"end":{"line":63,"column":37}},"35":{"start":{"line":64,"column":25},"end":{"line":64,"column":37}},"36":{"start":{"line":68,"column":22},"end":{"line":68,"column":76}},"37":{"start":{"line":69,"column":25},"end":{"line":69,"column":37}},"38":{"start":{"line":70,"column":25},"end":{"line":70,"column":37}},"39":{"start":{"line":71,"column":25},"end":{"line":71,"column":37}},"40":{"start":{"line":72,"column":25},"end":{"line":72,"column":37}},"41":{"start":{"line":76,"column":22},"end":{"line":76,"column":76}},"42":{"start":{"line":77,"column":22},"end":{"line":77,"column":34}},"43":{"start":{"line":81,"column":22},"end":{"line":81,"column":57}},"44":{"start":{"line":82,"column":21},"end":{"line":82,"column":33}},"45":{"start":{"line":85,"column":0},"end":{"line":85,"column":75}}},"fnMap":{"0":{"name":"(anonymous_0)","decl":{"start":{"line":4,"column":2},"end":{"line":4,"column":3}},"loc":{"start":{"line":4,"column":20},"end":{"line":19,"column":3}},"line":4},"1":{"name":"(anonymous_1)","decl":{"start":{"line":21,"column":2},"end":{"line":21,"column":3}},"loc":{"start":{"line":21,"column":16},"end":{"line":21,"column":42}},"line":21},"2":{"name":"(anonymous_2)","decl":{"start":{"line":23,"column":2},"end":{"line":23,"column":3}},"loc":{"start":{"line":23,"column":23},"end":{"line":23,"column":40}},"line":23},"3":{"name":"(anonymous_3)","decl":{"start":{"line":24,"column":2},"end":{"line":24,"column":3}},"loc":{"start":{"line":24,"column":23},"end":{"line":24,"column":40}},"line":24},"4":{"name":"(anonymous_4)","decl":{"start":{"line":25,"column":2},"end":{"line":25,"column":3}},"loc":{"start":{"line":25,"column":23},"end":{"line":25,"column":40}},"line":25},"5":{"name":"(anonymous_5)","decl":{"start":{"line":26,"column":2},"end":{"line":26,"column":3}},"loc":{"start":{"line":26,"column":23},"end":{"line":26,"column":40}},"line":26},"6":{"name":"(anonymous_6)","decl":{"start":{"line":27,"column":2},"end":{"line":27,"column":3}},"loc":{"start":{"line":27,"column":23},"end":{"line":27,"column":40}},"line":27},"7":{"name":"(anonymous_7)","decl":{"start":{"line":28,"column":2},"end":{"line":28,"column":3}},"loc":{"start":{"line":28,"column":23},"end":{"line":28,"column":40}},"line":28},"8":{"name":"(anonymous_8)","decl":{"start":{"line":29,"column":2},"end":{"line":29,"column":3}},"loc":{"start":{"line":29,"column":23},"end":{"line":29,"column":40}},"line":29},"9":{"name":"(anonymous_9)","decl":{"start":{"line":31,"column":2},"end":{"line":31,"column":3}},"loc":{"start":{"line":31,"column":11},"end":{"line":45,"column":3}},"line":31},"10":{"name":"(anonymous_10)","decl":{"start":{"line":47,"column":2},"end":{"line":47,"column":3}},"loc":{"start":{"line":47,"column":22},"end":{"line":54,"column":3}},"line":47},"11":{"name":"(anonymous_11)","decl":{"start":{"line":58,"column":2},"end":{"line":58,"column":3}},"loc":{"start":{"line":58,"column":20},"end":{"line":58,"column":60}},"line":58},"12":{"name":"(anonymous_12)","decl":{"start":{"line":59,"column":2},"end":{"line":59,"column":3}},"loc":{"start":{"line":59,"column":23},"end":{"line":59,"column":39}},"line":59},"13":{"name":"(anonymous_13)","decl":{"start":{"line":60,"column":2},"end":{"line":60,"column":3}},"loc":{"start":{"line":60,"column":23},"end":{"line":60,"column":39}},"line":60},"14":{"name":"(anonymous_14)","decl":{"start":{"line":61,"column":2},"end":{"line":61,"column":3}},"loc":{"start":{"line":61,"column":23},"end":{"line":61,"column":39}},"line":61},"15":{"name":"(anonymous_15)","decl":{"start":{"line":62,"column":2},"end":{"line":62,"column":3}},"loc":{"start":{"line":62,"column":23},"end":{"line":62,"column":39}},"line":62},"16":{"name":"(anonymous_16)","decl":{"start":{"line":63,"column":2},"end":{"line":63,"column":3}},"loc":{"start":{"line":63,"column":23},"end":{"line":63,"column":39}},"line":63},"17":{"name":"(anonymous_17)","decl":{"start":{"line":64,"column":2},"end":{"line":64,"column":3}},"loc":{"start":{"line":64,"column":23},"end":{"line":64,"column":39}},"line":64},"18":{"name":"(anonymous_18)","decl":{"start":{"line":68,"column":2},"end":{"line":68,"column":3}},"loc":{"start":{"line":68,"column":20},"end":{"line":68,"column":78}},"line":68},"19":{"name":"(anonymous_19)","decl":{"start":{"line":69,"column":2},"end":{"line":69,"column":3}},"loc":{"start":{"line":69,"column":23},"end":{"line":69,"column":39}},"line":69},"20":{"name":"(anonymous_20)","decl":{"start":{"line":70,"column":2},"end":{"line":70,"column":3}},"loc":{"start":{"line":70,"column":23},"end":{"line":70,"column":39}},"line":70},"21":{"name":"(anonymous_21)","decl":{"start":{"line":71,"column":2},"end":{"line":71,"column":3}},"loc":{"start":{"line":71,"column":23},"end":{"line":71,"column":39}},"line":71},"22":{"name":"(anonymous_22)","decl":{"start":{"line":72,"column":2},"end":{"line":72,"column":3}},"loc":{"start":{"line":72,"column":23},"end":{"line":72,"column":39}},"line":72},"23":{"name":"(anonymous_23)","decl":{"start":{"line":76,"column":2},"end":{"line":76,"column":3}},"loc":{"start":{"line":76,"column":20},"end":{"line":76,"column":78}},"line":76},"24":{"name":"(anonymous_24)","decl":{"start":{"line":77,"column":2},"end":{"line":77,"column":3}},"loc":{"start":{"line":77,"column":20},"end":{"line":77,"column":36}},"line":77},"25":{"name":"(anonymous_25)","decl":{"start":{"line":81,"column":2},"end":{"line":81,"column":3}},"loc":{"start":{"line":81,"column":20},"end":{"line":81,"column":59}},"line":81},"26":{"name":"(anonymous_26)","decl":{"start":{"line":82,"column":2},"end":{"line":82,"column":3}},"loc":{"start":{"line":82,"column":19},"end":{"line":82,"column":35}},"line":82}},"branchMap":{"0":{"loc":{"start":{"line":5,"column":4},"end":{"line":5,"column":67}},"type":"if","locations":[{"start":{"line":5,"column":4},"end":{"line":5,"column":67}},{"start":{},"end":{}}],"line":5},"1":{"loc":{"start":{"line":11,"column":17},"end":{"line":11,"column":35}},"type":"binary-expr","locations":[{"start":{"line":11,"column":17},"end":{"line":11,"column":27}},{"start":{"line":11,"column":31},"end":{"line":11,"column":35}}],"line":11},"2":{"loc":{"start":{"line":12,"column":22},"end":{"line":12,"column":45}},"type":"binary-expr","locations":[{"start":{"line":12,"column":22},"end":{"line":12,"column":37}},{"start":{"line":12,"column":41},"end":{"line":12,"column":45}}],"line":12},"3":{"loc":{"start":{"line":13,"column":17},"end":{"line":13,"column":35}},"type":"binary-expr","locations":[{"start":{"line":13,"column":17},"end":{"line":13,"column":27}},{"start":{"line":13,"column":31},"end":{"line":13,"column":35}}],"line":13},"4":{"loc":{"start":{"line":14,"column":19},"end":{"line":14,"column":39}},"type":"binary-expr","locations":[{"start":{"line":14,"column":19},"end":{"line":14,"column":31}},{"start":{"line":14,"column":35},"end":{"line":14,"column":39}}],"line":14},"5":{"loc":{"start":{"line":15,"column":21},"end":{"line":15,"column":44}},"type":"binary-expr","locations":[{"start":{"line":15,"column":21},"end":{"line":15,"column":36}},{"start":{"line":15,"column":40},"end":{"line":15,"column":44}}],"line":15},"6":{"loc":{"start":{"line":16,"column":18},"end":{"line":16,"column":73}},"type":"cond-expr","locations":[{"start":{"line":16,"column":46},"end":{"line":16,"column":66}},{"start":{"line":16,"column":69},"end":{"line":16,"column":73}}],"line":16},"7":{"loc":{"start":{"line":48,"column":4},"end":{"line":53,"column":5}},"type":"switch","locations":[{"start":{"line":49,"column":6},"end":{"line":49,"column":48}},{"start":{"line":50,"column":6},"end":{"line":50,"column":108}},{"start":{"line":51,"column":6},"end":{"line":51,"column":47}},{"start":{"line":52,"column":6},"end":{"line":52,"column":63}}],"line":48},"8":{"loc":{"start":{"line":50,"column":30},"end":{"line":50,"column":107}},"type":"cond-expr","locations":[{"start":{"line":50,"column":56},"end":{"line":50,"column":80}},{"start":{"line":50,"column":83},"end":{"line":50,"column":107}}],"line":50}},"s":{"0":13,"1":1,"2":12,"3":12,"4":12,"5":12,"6":12,"7":12,"8":12,"9":12,"10":12,"11":12,"12":12,"13":12,"14":12,"15":1,"16":3,"17":2,"18":2,"19":1,"20":1,"21":1,"22":3,"23":1,"24":5,"25":1,"26":2,"27":1,"28":1,"29":2,"30":1,"31":1,"32":1,"33":1,"34":1,"35":1,"36":2,"37":1,"38":1,"39":1,"40":1,"41":2,"42":1,"43":6,"44":1,"45":2},"f":{"0":13,"1":1,"2":3,"3":2,"4":2,"5":1,"6":1,"7":1,"8":3,"9":1,"10":5,"11":2,"12":1,"13":1,"14":1,"15":1,"16":1,"17":1,"18":2,"19":1,"20":1,"21":1,"22":1,"23":2,"24":1,"25":6,"26":1},"b":{"0":[1,12],"1":[12,8],"2":[12,12],"3":[12,12],"4":[12,12],"5":[12,12],"6":[1,11],"7":[1,2,1,1],"8":[1,1]},"_coverageSchema":"1a1c01bbd47fc00a2c39e90264f33305004495a9","hash":"e940eb32a0c732712cb11c88e4cea81ea332e196"}
,"/home/mihai/WebstormProjects/Proiect-IS/backend/repositories/BaseRepository.js": {"path":"/home/mihai/WebstormProjects/Proiect-IS/backend/repositories/BaseRepository.js","statementMap":{"0":{"start":{"line":1,"column":17},"end":{"line":1,"column":40}},"1":{"start":{"line":5,"column":4},"end":{"line":5,"column":87}},"2":{"start":{"line":5,"column":39},"end":{"line":5,"column":87}},"3":{"start":{"line":6,"column":4},"end":{"line":6,"column":31}},"4":{"start":{"line":7,"column":4},"end":{"line":7,"column":21}},"5":{"start":{"line":11,"column":19},"end":{"line":11,"column":55}},"6":{"start":{"line":12,"column":4},"end":{"line":12,"column":16}},"7":{"start":{"line":16,"column":17},"end":{"line":16,"column":90}},"8":{"start":{"line":17,"column":4},"end":{"line":17,"column":34}},"9":{"start":{"line":17,"column":22},"end":{"line":17,"column":34}},"10":{"start":{"line":18,"column":4},"end":{"line":18,"column":34}},"11":{"start":{"line":22,"column":14},"end":{"line":22,"column":47}},"12":{"start":{"line":23,"column":19},"end":{"line":23,"column":21}},"13":{"start":{"line":24,"column":20},"end":{"line":24,"column":46}},"14":{"start":{"line":25,"column":4},"end":{"line":28,"column":5}},"15":{"start":{"line":26,"column":6},"end":{"line":26,"column":72}},"16":{"start":{"line":26,"column":46},"end":{"line":26,"column":56}},"17":{"start":{"line":27,"column":6},"end":{"line":27,"column":49}},"18":{"start":{"line":27,"column":33},"end":{"line":27,"column":47}},"19":{"start":{"line":29,"column":17},"end":{"line":29,"column":49}},"20":{"start":{"line":30,"column":4},"end":{"line":30,"column":43}},"21":{"start":{"line":30,"column":25},"end":{"line":30,"column":41}},"22":{"start":{"line":34,"column":17},"end":{"line":34,"column":34}},"23":{"start":{"line":35,"column":16},"end":{"line":35,"column":109}},"24":{"start":{"line":35,"column":92},"end":{"line":35,"column":95}},"25":{"start":{"line":36,"column":19},"end":{"line":36,"column":64}},"26":{"start":{"line":37,"column":4},"end":{"line":37,"column":42}},"27":{"start":{"line":41,"column":17},"end":{"line":41,"column":34}},"28":{"start":{"line":42,"column":16},"end":{"line":42,"column":99}},"29":{"start":{"line":42,"column":62},"end":{"line":42,"column":72}},"30":{"start":{"line":43,"column":4},"end":{"line":43,"column":59}},"31":{"start":{"line":44,"column":4},"end":{"line":44,"column":29}},"32":{"start":{"line":48,"column":4},"end":{"line":48,"column":76}},"33":{"start":{"line":52,"column":14},"end":{"line":52,"column":61}},"34":{"start":{"line":53,"column":19},"end":{"line":53,"column":21}},"35":{"start":{"line":54,"column":20},"end":{"line":54,"column":46}},"36":{"start":{"line":55,"column":4},"end":{"line":58,"column":5}},"37":{"start":{"line":56,"column":6},"end":{"line":56,"column":72}},"38":{"start":{"line":56,"column":46},"end":{"line":56,"column":56}},"39":{"start":{"line":57,"column":6},"end":{"line":57,"column":49}},"40":{"start":{"line":57,"column":33},"end":{"line":57,"column":47}},"41":{"start":{"line":59,"column":17},"end":{"line":59,"column":49}},"42":{"start":{"line":60,"column":4},"end":{"line":60,"column":23}},"43":{"start":{"line":64,"column":4},"end":{"line":64,"column":64}},"44":{"start":{"line":68,"column":0},"end":{"line":68,"column":32}}},"fnMap":{"0":{"name":"(anonymous_0)","decl":{"start":{"line":4,"column":2},"end":{"line":4,"column":3}},"loc":{"start":{"line":4,"column":25},"end":{"line":8,"column":3}},"line":4},"1":{"name":"(anonymous_1)","decl":{"start":{"line":10,"column":2},"end":{"line":10,"column":3}},"loc":{"start":{"line":10,"column":35},"end":{"line":13,"column":3}},"line":10},"2":{"name":"(anonymous_2)","decl":{"start":{"line":15,"column":2},"end":{"line":15,"column":3}},"loc":{"start":{"line":15,"column":21},"end":{"line":19,"column":3}},"line":15},"3":{"name":"(anonymous_3)","decl":{"start":{"line":21,"column":2},"end":{"line":21,"column":3}},"loc":{"start":{"line":21,"column":33},"end":{"line":31,"column":3}},"line":21},"4":{"name":"(anonymous_4)","decl":{"start":{"line":26,"column":37},"end":{"line":26,"column":38}},"loc":{"start":{"line":26,"column":46},"end":{"line":26,"column":56}},"line":26},"5":{"name":"(anonymous_5)","decl":{"start":{"line":27,"column":22},"end":{"line":27,"column":23}},"loc":{"start":{"line":27,"column":33},"end":{"line":27,"column":47}},"line":27},"6":{"name":"(anonymous_6)","decl":{"start":{"line":30,"column":20},"end":{"line":30,"column":21}},"loc":{"start":{"line":30,"column":25},"end":{"line":30,"column":41}},"line":30},"7":{"name":"(anonymous_7)","decl":{"start":{"line":33,"column":2},"end":{"line":33,"column":3}},"loc":{"start":{"line":33,"column":21},"end":{"line":38,"column":3}},"line":33},"8":{"name":"(anonymous_8)","decl":{"start":{"line":35,"column":86},"end":{"line":35,"column":87}},"loc":{"start":{"line":35,"column":92},"end":{"line":35,"column":95}},"line":35},"9":{"name":"(anonymous_9)","decl":{"start":{"line":40,"column":2},"end":{"line":40,"column":3}},"loc":{"start":{"line":40,"column":25},"end":{"line":45,"column":3}},"line":40},"10":{"name":"(anonymous_10)","decl":{"start":{"line":42,"column":57},"end":{"line":42,"column":58}},"loc":{"start":{"line":42,"column":62},"end":{"line":42,"column":72}},"line":42},"11":{"name":"(anonymous_11)","decl":{"start":{"line":47,"column":2},"end":{"line":47,"column":3}},"loc":{"start":{"line":47,"column":19},"end":{"line":49,"column":3}},"line":47},"12":{"name":"(anonymous_12)","decl":{"start":{"line":51,"column":2},"end":{"line":51,"column":3}},"loc":{"start":{"line":51,"column":31},"end":{"line":61,"column":3}},"line":51},"13":{"name":"(anonymous_13)","decl":{"start":{"line":56,"column":37},"end":{"line":56,"column":38}},"loc":{"start":{"line":56,"column":46},"end":{"line":56,"column":56}},"line":56},"14":{"name":"(anonymous_14)","decl":{"start":{"line":57,"column":22},"end":{"line":57,"column":23}},"loc":{"start":{"line":57,"column":33},"end":{"line":57,"column":47}},"line":57},"15":{"name":"(anonymous_15)","decl":{"start":{"line":63,"column":2},"end":{"line":63,"column":3}},"loc":{"start":{"line":63,"column":17},"end":{"line":65,"column":3}},"line":63}},"branchMap":{"0":{"loc":{"start":{"line":5,"column":4},"end":{"line":5,"column":87}},"type":"if","locations":[{"start":{"line":5,"column":4},"end":{"line":5,"column":87}},{"start":{},"end":{}}],"line":5},"1":{"loc":{"start":{"line":10,"column":22},"end":{"line":10,"column":33}},"type":"default-arg","locations":[{"start":{"line":10,"column":31},"end":{"line":10,"column":33}}],"line":10},"2":{"loc":{"start":{"line":17,"column":4},"end":{"line":17,"column":34}},"type":"if","locations":[{"start":{"line":17,"column":4},"end":{"line":17,"column":34}},{"start":{},"end":{}}],"line":17},"3":{"loc":{"start":{"line":21,"column":16},"end":{"line":21,"column":31}},"type":"default-arg","locations":[{"start":{"line":21,"column":29},"end":{"line":21,"column":31}}],"line":21},"4":{"loc":{"start":{"line":25,"column":4},"end":{"line":28,"column":5}},"type":"if","locations":[{"start":{"line":25,"column":4},"end":{"line":28,"column":5}},{"start":{},"end":{}}],"line":25},"5":{"loc":{"start":{"line":51,"column":14},"end":{"line":51,"column":29}},"type":"default-arg","locations":[{"start":{"line":51,"column":27},"end":{"line":51,"column":29}}],"line":51},"6":{"loc":{"start":{"line":55,"column":4},"end":{"line":58,"column":5}},"type":"if","locations":[{"start":{"line":55,"column":4},"end":{"line":58,"column":5}},{"start":{},"end":{}}],"line":55}},"s":{"0":1,"1":0,"2":0,"3":0,"4":0,"5":0,"6":0,"7":0,"8":0,"9":0,"10":0,"11":0,"12":0,"13":0,"14":0,"15":0,"16":0,"17":0,"18":0,"19":0,"20":0,"21":0,"22":0,"23":0,"24":0,"25":0,"26":0,"27":0,"28":0,"29":0,"30":0,"31":0,"32":0,"33":0,"34":0,"35":0,"36":0,"37":0,"38":0,"39":0,"40":0,"41":0,"42":0,"43":0,"44":1},"f":{"0":0,"1":0,"2":0,"3":0,"4":0,"5":0,"6":0,"7":0,"8":0,"9":0,"10":0,"11":0,"12":0,"13":0,"14":0,"15":0},"b":{"0":[0,0],"1":[0],"2":[0,0],"3":[0],"4":[0,0],"5":[0],"6":[0,0]},"_coverageSchema":"1a1c01bbd47fc00a2c39e90264f33305004495a9","hash":"47a1c9bb8bb4c340ff991717089cde1df3a86e58"}
,"/home/mihai/WebstormProjects/Proiect-IS/backend/repositories/UserRepository.js": {"path":"/home/mihai/WebstormProjects/Proiect-IS/backend/repositories/UserRepository.js","statementMap":{"0":{"start":{"line":1,"column":23},"end":{"line":1,"column":50}},"1":{"start":{"line":2,"column":17},"end":{"line":2,"column":42}},"2":{"start":{"line":5,"column":18},"end":{"line":5,"column":33}},"3":{"start":{"line":7,"column":18},"end":{"line":7,"column":42}},"4":{"start":{"line":10,"column":17},"end":{"line":10,"column":84}},"5":{"start":{"line":11,"column":4},"end":{"line":11,"column":34}},"6":{"start":{"line":11,"column":22},"end":{"line":11,"column":34}},"7":{"start":{"line":12,"column":4},"end":{"line":12,"column":34}},"8":{"start":{"line":16,"column":17},"end":{"line":18,"column":5}},"9":{"start":{"line":19,"column":4},"end":{"line":19,"column":43}},"10":{"start":{"line":19,"column":25},"end":{"line":19,"column":41}},"11":{"start":{"line":23,"column":0},"end":{"line":23,"column":32}}},"fnMap":{"0":{"name":"(anonymous_0)","decl":{"start":{"line":5,"column":2},"end":{"line":5,"column":3}},"loc":{"start":{"line":5,"column":16},"end":{"line":5,"column":35}},"line":5},"1":{"name":"(anonymous_1)","decl":{"start":{"line":7,"column":2},"end":{"line":7,"column":3}},"loc":{"start":{"line":7,"column":16},"end":{"line":7,"column":44}},"line":7},"2":{"name":"(anonymous_2)","decl":{"start":{"line":9,"column":2},"end":{"line":9,"column":3}},"loc":{"start":{"line":9,"column":27},"end":{"line":13,"column":3}},"line":9},"3":{"name":"(anonymous_3)","decl":{"start":{"line":15,"column":2},"end":{"line":15,"column":3}},"loc":{"start":{"line":15,"column":23},"end":{"line":20,"column":3}},"line":15},"4":{"name":"(anonymous_4)","decl":{"start":{"line":19,"column":20},"end":{"line":19,"column":21}},"loc":{"start":{"line":19,"column":25},"end":{"line":19,"column":41}},"line":19}},"branchMap":{"0":{"loc":{"start":{"line":11,"column":4},"end":{"line":11,"column":34}},"type":"if","locations":[{"start":{"line":11,"column":4},"end":{"line":11,"column":34}},{"start":{},"end":{}}],"line":11}},"s":{"0":1,"1":1,"2":0,"3":0,"4":0,"5":0,"6":0,"7":0,"8":0,"9":0,"10":0,"11":1},"f":{"0":0,"1":0,"2":0,"3":0,"4":0},"b":{"0":[0,0]},"_coverageSchema":"1a1c01bbd47fc00a2c39e90264f33305004495a9","hash":"2bb3e93f6a2ad5db8999da0f2c2a66c0db16ad7e"}
,"/home/mihai/WebstormProjects/Proiect-IS/backend/services/AuthService.js": {"path":"/home/mihai/WebstormProjects/Proiect-IS/backend/services/AuthService.js","statementMap":{"0":{"start":{"line":1,"column":15},"end":{"line":1,"column":34}},"1":{"start":{"line":2,"column":12},"end":{"line":2,"column":35}},"2":{"start":{"line":3,"column":23},"end":{"line":3,"column":64}},"3":{"start":{"line":5,"column":17},"end":{"line":5,"column":37}},"4":{"start":{"line":9,"column":4},"end":{"line":9,"column":98}},"5":{"start":{"line":9,"column":53},"end":{"line":9,"column":98}},"6":{"start":{"line":10,"column":21},"end":{"line":10,"column":59}},"7":{"start":{"line":11,"column":4},"end":{"line":11,"column":56}},"8":{"start":{"line":11,"column":18},"end":{"line":11,"column":56}},"9":{"start":{"line":12,"column":17},"end":{"line":12,"column":53}},"10":{"start":{"line":13,"column":17},"end":{"line":21,"column":6}},"11":{"start":{"line":22,"column":18},"end":{"line":22,"column":43}},"12":{"start":{"line":23,"column":4},"end":{"line":23,"column":42}},"13":{"start":{"line":27,"column":4},"end":{"line":27,"column":80}},"14":{"start":{"line":27,"column":46},"end":{"line":27,"column":80}},"15":{"start":{"line":28,"column":4},"end":{"line":28,"column":98}},"16":{"start":{"line":28,"column":53},"end":{"line":28,"column":98}},"17":{"start":{"line":29,"column":21},"end":{"line":29,"column":59}},"18":{"start":{"line":30,"column":4},"end":{"line":30,"column":56}},"19":{"start":{"line":30,"column":18},"end":{"line":30,"column":56}},"20":{"start":{"line":31,"column":17},"end":{"line":31,"column":53}},"21":{"start":{"line":32,"column":17},"end":{"line":41,"column":6}},"22":{"start":{"line":42,"column":4},"end":{"line":42,"column":25}},"23":{"start":{"line":46,"column":4},"end":{"line":46,"column":81}},"24":{"start":{"line":46,"column":29},"end":{"line":46,"column":81}},"25":{"start":{"line":47,"column":17},"end":{"line":47,"column":50}},"26":{"start":{"line":48,"column":4},"end":{"line":48,"column":55}},"27":{"start":{"line":48,"column":15},"end":{"line":48,"column":55}},"28":{"start":{"line":49,"column":18},"end":{"line":49,"column":68}},"29":{"start":{"line":50,"column":4},"end":{"line":50,"column":56}},"30":{"start":{"line":50,"column":16},"end":{"line":50,"column":56}},"31":{"start":{"line":51,"column":4},"end":{"line":51,"column":64}},"32":{"start":{"line":51,"column":22},"end":{"line":51,"column":64}},"33":{"start":{"line":52,"column":18},"end":{"line":52,"column":43}},"34":{"start":{"line":53,"column":4},"end":{"line":53,"column":42}},"35":{"start":{"line":57,"column":17},"end":{"line":57,"column":44}},"36":{"start":{"line":58,"column":4},"end":{"line":58,"column":47}},"37":{"start":{"line":58,"column":15},"end":{"line":58,"column":47}},"38":{"start":{"line":59,"column":4},"end":{"line":59,"column":25}},"39":{"start":{"line":63,"column":4},"end":{"line":67,"column":6}},"40":{"start":{"line":71,"column":0},"end":{"line":71,"column":35}}},"fnMap":{"0":{"name":"(anonymous_0)","decl":{"start":{"line":8,"column":2},"end":{"line":8,"column":3}},"loc":{"start":{"line":8,"column":23},"end":{"line":24,"column":3}},"line":8},"1":{"name":"(anonymous_1)","decl":{"start":{"line":26,"column":2},"end":{"line":26,"column":3}},"loc":{"start":{"line":26,"column":47},"end":{"line":43,"column":3}},"line":26},"2":{"name":"(anonymous_2)","decl":{"start":{"line":45,"column":2},"end":{"line":45,"column":3}},"loc":{"start":{"line":45,"column":31},"end":{"line":54,"column":3}},"line":45},"3":{"name":"(anonymous_3)","decl":{"start":{"line":56,"column":2},"end":{"line":56,"column":3}},"loc":{"start":{"line":56,"column":23},"end":{"line":60,"column":3}},"line":56},"4":{"name":"(anonymous_4)","decl":{"start":{"line":62,"column":2},"end":{"line":62,"column":3}},"loc":{"start":{"line":62,"column":23},"end":{"line":68,"column":3}},"line":62}},"branchMap":{"0":{"loc":{"start":{"line":9,"column":4},"end":{"line":9,"column":98}},"type":"if","locations":[{"start":{"line":9,"column":4},"end":{"line":9,"column":98}},{"start":{},"end":{}}],"line":9},"1":{"loc":{"start":{"line":9,"column":8},"end":{"line":9,"column":51}},"type":"binary-expr","locations":[{"start":{"line":9,"column":8},"end":{"line":9,"column":18}},{"start":{"line":9,"column":22},"end":{"line":9,"column":33}},{"start":{"line":9,"column":37},"end":{"line":9,"column":51}}],"line":9},"2":{"loc":{"start":{"line":11,"column":4},"end":{"line":11,"column":56}},"type":"if","locations":[{"start":{"line":11,"column":4},"end":{"line":11,"column":56}},{"start":{},"end":{}}],"line":11},"3":{"loc":{"start":{"line":18,"column":13},"end":{"line":18,"column":31}},"type":"binary-expr","locations":[{"start":{"line":18,"column":13},"end":{"line":18,"column":23}},{"start":{"line":18,"column":27},"end":{"line":18,"column":31}}],"line":18},"4":{"loc":{"start":{"line":19,"column":15},"end":{"line":19,"column":35}},"type":"binary-expr","locations":[{"start":{"line":19,"column":15},"end":{"line":19,"column":27}},{"start":{"line":19,"column":31},"end":{"line":19,"column":35}}],"line":19},"5":{"loc":{"start":{"line":27,"column":4},"end":{"line":27,"column":80}},"type":"if","locations":[{"start":{"line":27,"column":4},"end":{"line":27,"column":80}},{"start":{},"end":{}}],"line":27},"6":{"loc":{"start":{"line":28,"column":4},"end":{"line":28,"column":98}},"type":"if","locations":[{"start":{"line":28,"column":4},"end":{"line":28,"column":98}},{"start":{},"end":{}}],"line":28},"7":{"loc":{"start":{"line":28,"column":8},"end":{"line":28,"column":51}},"type":"binary-expr","locations":[{"start":{"line":28,"column":8},"end":{"line":28,"column":18}},{"start":{"line":28,"column":22},"end":{"line":28,"column":33}},{"start":{"line":28,"column":37},"end":{"line":28,"column":51}}],"line":28},"8":{"loc":{"start":{"line":30,"column":4},"end":{"line":30,"column":56}},"type":"if","locations":[{"start":{"line":30,"column":4},"end":{"line":30,"column":56}},{"start":{},"end":{}}],"line":30},"9":{"loc":{"start":{"line":37,"column":13},"end":{"line":37,"column":35}},"type":"binary-expr","locations":[{"start":{"line":37,"column":13},"end":{"line":37,"column":23}},{"start":{"line":37,"column":27},"end":{"line":37,"column":35}}],"line":37},"10":{"loc":{"start":{"line":38,"column":18},"end":{"line":38,"column":41}},"type":"binary-expr","locations":[{"start":{"line":38,"column":18},"end":{"line":38,"column":33}},{"start":{"line":38,"column":37},"end":{"line":38,"column":41}}],"line":38},"11":{"loc":{"start":{"line":39,"column":13},"end":{"line":39,"column":31}},"type":"binary-expr","locations":[{"start":{"line":39,"column":13},"end":{"line":39,"column":23}},{"start":{"line":39,"column":27},"end":{"line":39,"column":31}}],"line":39},"12":{"loc":{"start":{"line":46,"column":4},"end":{"line":46,"column":81}},"type":"if","locations":[{"start":{"line":46,"column":4},"end":{"line":46,"column":81}},{"start":{},"end":{}}],"line":46},"13":{"loc":{"start":{"line":46,"column":8},"end":{"line":46,"column":27}},"type":"binary-expr","locations":[{"start":{"line":46,"column":8},"end":{"line":46,"column":14}},{"start":{"line":46,"column":18},"end":{"line":46,"column":27}}],"line":46},"14":{"loc":{"start":{"line":48,"column":4},"end":{"line":48,"column":55}},"type":"if","locations":[{"start":{"line":48,"column":4},"end":{"line":48,"column":55}},{"start":{},"end":{}}],"line":48},"15":{"loc":{"start":{"line":50,"column":4},"end":{"line":50,"column":56}},"type":"if","locations":[{"start":{"line":50,"column":4},"end":{"line":50,"column":56}},{"start":{},"end":{}}],"line":50},"16":{"loc":{"start":{"line":51,"column":4},"end":{"line":51,"column":64}},"type":"if","locations":[{"start":{"line":51,"column":4},"end":{"line":51,"column":64}},{"start":{},"end":{}}],"line":51},"17":{"loc":{"start":{"line":58,"column":4},"end":{"line":58,"column":47}},"type":"if","locations":[{"start":{"line":58,"column":4},"end":{"line":58,"column":47}},{"start":{},"end":{}}],"line":58}},"s":{"0":1,"1":1,"2":1,"3":1,"4":7,"5":3,"6":4,"7":4,"8":1,"9":3,"10":3,"11":3,"12":3,"13":5,"14":1,"15":4,"16":1,"17":3,"18":3,"19":1,"20":2,"21":2,"22":2,"23":7,"24":2,"25":5,"26":5,"27":1,"28":4,"29":4,"30":1,"31":3,"32":1,"33":2,"34":2,"35":2,"36":2,"37":1,"38":1,"39":5,"40":1},"f":{"0":7,"1":5,"2":7,"3":2,"4":5},"b":{"0":[3,4],"1":[7,6,5],"2":[1,3],"3":[3,3],"4":[3,3],"5":[1,4],"6":[1,3],"7":[4,4,3],"8":[1,2],"9":[2,2],"10":[2,2],"11":[2,2],"12":[2,5],"13":[7,6],"14":[1,4],"15":[1,3],"16":[1,2],"17":[1,1]},"_coverageSchema":"1a1c01bbd47fc00a2c39e90264f33305004495a9","hash":"b61de0e72d6fb367bd5e23102709b43e15ca1bb5"}
}
