TN:
SF:config/db.js
FNF:0
FNH:0
DA:1,1
DA:2,1
DA:4,1
DA:15,1
LF:4
LH:4
BRDA:5,0,0,1
BRDA:5,0,1,0
BRDA:6,1,0,1
BRDA:6,1,1,0
BRDA:7,2,0,1
BRDA:7,2,1,0
BRDA:8,3,0,1
BRDA:8,3,1,0
BRDA:9,4,0,1
BRDA:9,4,1,0
BRF:10
BRH:5
end_of_record
TN:
SF:models/Order.js
FN:1,formatDateField
FN:14,(anonymous_1)
FN:35,(anonymous_2)
FN:57,(anonymous_3)
FN:67,(anonymous_4)
FN:68,(anonymous_5)
FN:72,(anonymous_6)
FN:73,(anonymous_7)
FNF:8
FNH:8
FNDA:3,formatDateField
FNDA:14,(anonymous_1)
FNDA:3,(anonymous_2)
FNDA:3,(anonymous_3)
FNDA:8,(anonymous_4)
FNDA:2,(anonymous_5)
FNDA:5,(anonymous_6)
FNDA:1,(anonymous_7)
DA:2,3
DA:3,2
DA:4,2
DA:5,0
DA:7,2
DA:8,2
DA:9,2
DA:10,2
DA:15,14
DA:16,13
DA:17,13
DA:18,13
DA:19,13
DA:20,13
DA:21,13
DA:22,13
DA:23,13
DA:24,13
DA:25,13
DA:26,13
DA:27,13
DA:28,13
DA:29,13
DA:30,13
DA:31,13
DA:32,13
DA:36,3
DA:58,3
DA:59,1
DA:60,1
DA:61,1
DA:67,8
DA:68,2
DA:72,5
DA:73,1
DA:76,1
LF:36
LH:35
BRDA:2,0,0,1
BRDA:2,0,1,2
BRDA:3,1,0,1
BRDA:3,1,1,1
BRDA:4,2,0,0
BRDA:4,2,1,2
BRDA:15,3,0,1
BRDA:15,3,1,13
BRDA:17,4,0,13
BRDA:17,4,1,1
BRDA:24,5,0,12
BRDA:24,5,1,1
BRDA:25,6,0,13
BRDA:25,6,1,1
BRDA:26,7,0,13
BRDA:26,7,1,13
BRDA:27,8,0,13
BRDA:27,8,1,10
BRDA:28,9,0,13
BRDA:28,9,1,13
BRDA:29,10,0,13
BRDA:29,10,1,13
BRDA:30,11,0,13
BRDA:30,11,1,13
BRDA:58,12,0,1
BRDA:58,12,1,1
BRDA:58,12,2,1
BRF:27
BRH:26
end_of_record
TN:
SF:models/Product.js
FN:2,(anonymous_0)
FN:20,(anonymous_1)
FN:22,(anonymous_2)
FN:42,(anonymous_3)
FN:52,(anonymous_4)
FN:53,(anonymous_5)
FN:57,(anonymous_6)
FN:58,(anonymous_7)
FNF:8
FNH:8
FNDA:14,(anonymous_0)
FNDA:2,(anonymous_1)
FNDA:1,(anonymous_2)
FNDA:3,(anonymous_3)
FNDA:2,(anonymous_4)
FNDA:1,(anonymous_5)
FNDA:11,(anonymous_6)
FNDA:2,(anonymous_7)
DA:3,14
DA:4,13
DA:5,13
DA:6,13
DA:7,13
DA:8,13
DA:9,13
DA:10,13
DA:11,13
DA:12,13
DA:13,13
DA:14,13
DA:15,13
DA:16,13
DA:17,13
DA:20,2
DA:23,1
DA:43,3
DA:44,1
DA:45,1
DA:46,1
DA:52,2
DA:53,1
DA:57,11
DA:58,2
DA:61,1
LF:26
LH:26
BRDA:3,0,0,1
BRDA:3,0,1,13
BRDA:7,1,0,13
BRDA:7,1,1,13
BRDA:8,2,0,13
BRDA:8,2,1,13
BRDA:12,3,0,13
BRDA:12,3,1,13
BRDA:13,4,0,3
BRDA:13,4,1,10
BRDA:13,5,0,1
BRDA:13,5,1,2
BRDA:14,6,0,13
BRDA:14,6,1,13
BRDA:15,7,0,13
BRDA:15,7,1,13
BRDA:16,8,0,1
BRDA:16,8,1,12
BRDA:43,9,0,1
BRDA:43,9,1,1
BRDA:43,9,2,1
BRDA:58,10,0,2
BRDA:58,10,1,1
BRF:23
BRH:23
end_of_record
TN:
SF:models/Promotion.js
FN:2,(anonymous_0)
FN:13,(anonymous_1)
FNF:2
FNH:2
FNDA:7,(anonymous_0)
FNDA:1,(anonymous_1)
DA:3,7
DA:4,7
DA:5,7
DA:6,7
DA:7,7
DA:8,7
DA:9,7
DA:10,7
DA:14,1
DA:27,1
LF:10
LH:10
BRDA:6,0,0,7
BRDA:6,0,1,6
BRDA:7,1,0,7
BRDA:7,1,1,6
BRDA:8,2,0,3
BRDA:8,2,1,4
BRF:6
BRH:6
end_of_record
TN:
SF:models/User.js
FN:4,(anonymous_0)
FN:21,(anonymous_1)
FN:23,(anonymous_2)
FN:24,(anonymous_3)
FN:25,(anonymous_4)
FN:26,(anonymous_5)
FN:27,(anonymous_6)
FN:28,(anonymous_7)
FN:29,(anonymous_8)
FN:31,(anonymous_9)
FN:47,(anonymous_10)
FN:58,(anonymous_11)
FN:59,(anonymous_12)
FN:60,(anonymous_13)
FN:61,(anonymous_14)
FN:62,(anonymous_15)
FN:63,(anonymous_16)
FN:64,(anonymous_17)
FN:68,(anonymous_18)
FN:69,(anonymous_19)
FN:70,(anonymous_20)
FN:71,(anonymous_21)
FN:72,(anonymous_22)
FN:76,(anonymous_23)
FN:77,(anonymous_24)
FN:81,(anonymous_25)
FN:82,(anonymous_26)
FNF:27
FNH:27
FNDA:13,(anonymous_0)
FNDA:1,(anonymous_1)
FNDA:3,(anonymous_2)
FNDA:2,(anonymous_3)
FNDA:2,(anonymous_4)
FNDA:1,(anonymous_5)
FNDA:1,(anonymous_6)
FNDA:1,(anonymous_7)
FNDA:3,(anonymous_8)
FNDA:1,(anonymous_9)
FNDA:5,(anonymous_10)
FNDA:2,(anonymous_11)
FNDA:1,(anonymous_12)
FNDA:1,(anonymous_13)
FNDA:1,(anonymous_14)
FNDA:1,(anonymous_15)
FNDA:1,(anonymous_16)
FNDA:1,(anonymous_17)
FNDA:2,(anonymous_18)
FNDA:1,(anonymous_19)
FNDA:1,(anonymous_20)
FNDA:1,(anonymous_21)
FNDA:1,(anonymous_22)
FNDA:2,(anonymous_23)
FNDA:1,(anonymous_24)
FNDA:6,(anonymous_25)
FNDA:1,(anonymous_26)
DA:5,13
DA:6,12
DA:7,12
DA:8,12
DA:9,12
DA:10,12
DA:11,12
DA:12,12
DA:13,12
DA:14,12
DA:15,12
DA:16,12
DA:17,12
DA:18,12
DA:21,1
DA:23,3
DA:24,2
DA:25,2
DA:26,1
DA:27,1
DA:28,1
DA:29,3
DA:32,1
DA:48,5
DA:49,1
DA:50,2
DA:51,1
DA:52,1
DA:58,2
DA:59,1
DA:60,1
DA:61,1
DA:62,1
DA:63,1
DA:64,1
DA:68,2
DA:69,1
DA:70,1
DA:71,1
DA:72,1
DA:76,2
DA:77,1
DA:81,6
DA:82,1
DA:85,2
LF:45
LH:45
BRDA:5,0,0,1
BRDA:5,0,1,12
BRDA:11,1,0,12
BRDA:11,1,1,8
BRDA:12,2,0,12
BRDA:12,2,1,12
BRDA:13,3,0,12
BRDA:13,3,1,12
BRDA:14,4,0,12
BRDA:14,4,1,12
BRDA:15,5,0,12
BRDA:15,5,1,12
BRDA:16,6,0,1
BRDA:16,6,1,11
BRDA:48,7,0,1
BRDA:48,7,1,2
BRDA:48,7,2,1
BRDA:48,7,3,1
BRDA:50,8,0,1
BRDA:50,8,1,1
BRF:20
BRH:20
end_of_record
TN:
SF:repositories/BaseRepository.js
FN:4,(anonymous_0)
FN:10,(anonymous_1)
FN:15,(anonymous_2)
FN:21,(anonymous_3)
FN:26,(anonymous_4)
FN:27,(anonymous_5)
FN:30,(anonymous_6)
FN:33,(anonymous_7)
FN:35,(anonymous_8)
FN:40,(anonymous_9)
FN:42,(anonymous_10)
FN:47,(anonymous_11)
FN:51,(anonymous_12)
FN:56,(anonymous_13)
FN:57,(anonymous_14)
FN:63,(anonymous_15)
FNF:16
FNH:0
FNDA:0,(anonymous_0)
FNDA:0,(anonymous_1)
FNDA:0,(anonymous_2)
FNDA:0,(anonymous_3)
FNDA:0,(anonymous_4)
FNDA:0,(anonymous_5)
FNDA:0,(anonymous_6)
FNDA:0,(anonymous_7)
FNDA:0,(anonymous_8)
FNDA:0,(anonymous_9)
FNDA:0,(anonymous_10)
FNDA:0,(anonymous_11)
FNDA:0,(anonymous_12)
FNDA:0,(anonymous_13)
FNDA:0,(anonymous_14)
FNDA:0,(anonymous_15)
DA:1,1
DA:5,0
DA:6,0
DA:7,0
DA:11,0
DA:12,0
DA:16,0
DA:17,0
DA:18,0
DA:22,0
DA:23,0
DA:24,0
DA:25,0
DA:26,0
DA:27,0
DA:29,0
DA:30,0
DA:34,0
DA:35,0
DA:36,0
DA:37,0
DA:41,0
DA:42,0
DA:43,0
DA:44,0
DA:48,0
DA:52,0
DA:53,0
DA:54,0
DA:55,0
DA:56,0
DA:57,0
DA:59,0
DA:60,0
DA:64,0
DA:68,1
LF:36
LH:2
BRDA:5,0,0,0
BRDA:5,0,1,0
BRDA:10,1,0,0
BRDA:17,2,0,0
BRDA:17,2,1,0
BRDA:21,3,0,0
BRDA:25,4,0,0
BRDA:25,4,1,0
BRDA:51,5,0,0
BRDA:55,6,0,0
BRDA:55,6,1,0
BRF:11
BRH:0
end_of_record
TN:
SF:repositories/UserRepository.js
FN:5,(anonymous_0)
FN:7,(anonymous_1)
FN:9,(anonymous_2)
FN:15,(anonymous_3)
FN:19,(anonymous_4)
FNF:5
FNH:0
FNDA:0,(anonymous_0)
FNDA:0,(anonymous_1)
FNDA:0,(anonymous_2)
FNDA:0,(anonymous_3)
FNDA:0,(anonymous_4)
DA:1,1
DA:2,1
DA:5,0
DA:7,0
DA:10,0
DA:11,0
DA:12,0
DA:16,0
DA:19,0
DA:23,1
LF:10
LH:3
BRDA:11,0,0,0
BRDA:11,0,1,0
BRF:2
BRH:0
end_of_record
TN:
SF:services/AuthService.js
FN:8,(anonymous_0)
FN:26,(anonymous_1)
FN:45,(anonymous_2)
FN:56,(anonymous_3)
FN:62,(anonymous_4)
FNF:5
FNH:5
FNDA:7,(anonymous_0)
FNDA:5,(anonymous_1)
FNDA:7,(anonymous_2)
FNDA:2,(anonymous_3)
FNDA:5,(anonymous_4)
DA:1,1
DA:2,1
DA:3,1
DA:5,1
DA:9,7
DA:10,4
DA:11,4
DA:12,3
DA:13,3
DA:22,3
DA:23,3
DA:27,5
DA:28,4
DA:29,3
DA:30,3
DA:31,2
DA:32,2
DA:42,2
DA:46,7
DA:47,5
DA:48,5
DA:49,4
DA:50,4
DA:51,3
DA:52,2
DA:53,2
DA:57,2
DA:58,2
DA:59,1
DA:63,5
DA:71,1
LF:31
LH:31
BRDA:9,0,0,3
BRDA:9,0,1,4
BRDA:9,1,0,7
BRDA:9,1,1,6
BRDA:9,1,2,5
BRDA:11,2,0,1
BRDA:11,2,1,3
BRDA:18,3,0,3
BRDA:18,3,1,3
BRDA:19,4,0,3
BRDA:19,4,1,3
BRDA:27,5,0,1
BRDA:27,5,1,4
BRDA:28,6,0,1
BRDA:28,6,1,3
BRDA:28,7,0,4
BRDA:28,7,1,4
BRDA:28,7,2,3
BRDA:30,8,0,1
BRDA:30,8,1,2
BRDA:37,9,0,2
BRDA:37,9,1,2
BRDA:38,10,0,2
BRDA:38,10,1,2
BRDA:39,11,0,2
BRDA:39,11,1,2
BRDA:46,12,0,2
BRDA:46,12,1,5
BRDA:46,13,0,7
BRDA:46,13,1,6
BRDA:48,14,0,1
BRDA:48,14,1,4
BRDA:50,15,0,1
BRDA:50,15,1,3
BRDA:51,16,0,1
BRDA:51,16,1,2
BRDA:58,17,0,1
BRDA:58,17,1,1
BRF:38
BRH:38
end_of_record
